<?xml version="1.0" encoding="UTF-8" standalone="no"?><testsuite errors="0" failures="1" name="Validate checkout information" skipped="0" tests="1" time="4.69" timestamp="2023-02-26 10:37:11"><testcase name="Checkout the total cart"><failure message="No se pudo completar la validacion del checkout expected:&lt;[Validation Checkout]&gt; but was:&lt;[THANK YOU FOR YOUR ORDER]&gt;" type="java.lang.AssertionError">No se pudo completar la validacion del checkout expected:&lt;[Validation Checkout]&gt; but was:&lt;[THANK YOU FOR YOUR ORDER]&gt;</failure><system-err>No se pudo completar la validacion del checkout expected:&lt;[Validation Checkout]&gt; but was:&lt;[THANK YOU FOR YOUR ORDER]&gt;&#13;
com.sophossolutions.page.SwagLabsCheckoutComplete.validateText(SwagLabsCheckoutComplete.java:16)&#13;
com.sophossolutions.stepdefinitions.SwagLabsCheckoutStepDefinition.validateTheResultsOfThePurchasesWithTheText(SwagLabsCheckoutStepDefinition.java:48)&#13;
✽.validate the results of the purchases with the text. "Validation Checkout"(file:///C:/Users/geraldinne.saavedra/Documents/Semillero.2023-1/SauceDemo/SauceDemoJava/src/test/resources/com/sophossolutions/features/swag_labs_checkout.feature:35)&#13;
</system-err></testcase></testsuite>