<?xml version="1.0" encoding="UTF-8" standalone="no"?><testsuite errors="0" failures="1" name="Title of your feature" skipped="0" tests="1" time="5.49" timestamp="2023-03-19 06:44:11"><testcase name="Title of your scenario"><failure message="1 expectation failed.&#10;Expected status code &lt;200&gt; but was &lt;404&gt;.&#10;" type="java.lang.AssertionError">1 expectation failed.
Expected status code &lt;200&gt; but was &lt;404&gt;.
</failure><system-err>1 expectation failed.
Expected status code &lt;200&gt; but was &lt;404&gt;.
&#13;
com.sophossolutions.stepdefinitions.GetGoRestStepDefinition.validarQueElStatusSeaYQueLaRespuestaContengaTodaLaInformacionDelUsuario(GetGoRestStepDefinition.java:36)&#13;
✽.Validar que el status sea 200 y que la respuesta contenga toda la informacion del usuario(file:///C:/Users/geraldinne.saavedra/Documents/Semillero.2023-1/ServicioRestScreenplay/src/test/resources/com/sophossolutions/features/get_go_rest.feature:27)&#13;
</system-err></testcase></testsuite>